<?xml version="1.0" encoding="UTF-8"?>
<!-- Generated by org.testng.reporters.JUnitReportReporter -->
<testsuite hostname="LTIN469616" failures="0" tests="4" name="TestCases.TC_01_HospitalList" time="59.642" errors="0" timestamp="2024-11-11T14:05:21 IST" skipped="0">
  <testcase classname="TestCases.TC_01_HospitalList" name="validationoftitle" time="0.391"/>
  <testcase classname="TestCases.TC_01_HospitalList" name="searchforhospitals" time="7.340"/>
  <testcase classname="TestCases.TC_01_HospitalList" name="locationsearch" time="2.960"/>
  <testcase classname="TestCases.TC_01_HospitalList" name="HospitalList" time="48.951"/>
</testsuite> <!-- TestCases.TC_01_HospitalList -->
