<?xml version="1.0" encoding="UTF-8"?>
<!-- Generated by org.testng.reporters.JUnitReportReporter -->
<testsuite hostname="LTIN469616" failures="0" tests="4" name="TestCases.TC__03_HealthandWellnessPage" time="70.692" errors="0" timestamp="2024-11-11T14:05:21 IST" skipped="0">
  <testcase classname="TestCases.TC__03_HealthandWellnessPage" name="clickAgainWithExcelData" time="8.249"/>
  <testcase classname="TestCases.TC__03_HealthandWellnessPage" name="click" time="33.609"/>
  <testcase classname="TestCases.TC__03_HealthandWellnessPage" name="validate_Thankyou" time="0.192"/>
  <testcase classname="TestCases.TC__03_HealthandWellnessPage" name="clickOnceAgain" time="28.642"/>
</testsuite> <!-- TestCases.TC__03_HealthandWellnessPage -->
