<?xml version="1.0" encoding="UTF-8"?>
<!-- Generated by org.testng.reporters.JUnitReportReporter -->
<testsuite hostname="LTIN469616" failures="0" tests="4" name="TestCases.TC_02_DiagnosticPage" time="7.128" errors="0" timestamp="2024-11-11T14:08:17 IST" skipped="0">
  <testcase classname="TestCases.TC_02_DiagnosticPage" name="valiationfortitleTC2" time="0.508"/>
  <testcase classname="TestCases.TC_02_DiagnosticPage" name="diagnosticclick" time="4.197"/>
  <testcase classname="TestCases.TC_02_DiagnosticPage" name="validationfordiagnosticpage" time="0.348"/>
  <testcase classname="TestCases.TC_02_DiagnosticPage" name="topcitiesdisplay" time="2.075"/>
</testsuite> <!-- TestCases.TC_02_DiagnosticPage -->
